Add Pin To Net: Unknown Pin: Pin C3-1
Add Pin To Net: Unknown Pin: Pin C3-2
Add Pin To Net: Unknown Pin: Pin C5-1
Add Pin To Net: Unknown Pin: Pin C5-2
Add Pin To Net: Unknown Pin: Pin C6-1
Add Pin To Net: Unknown Pin: Pin C6-2
Add Pin To Net: Unknown Pin: Pin C12-1
Add Pin To Net: Unknown Pin: Pin C12-2
Add Pin To Net: Unknown Pin: Pin C14-1
Add Pin To Net: Unknown Pin: Pin C14-2
Add Pin To Net: Unknown Pin: Pin C15-1
Add Pin To Net: Unknown Pin: Pin C15-2
Add Pin To Net: Unknown Pin: Pin S1-1
Add Pin To Net: Unknown Pin: Pin S1-2
Add Pin To Net: Unknown Pin: Pin U?-34
Add Pin To Net: Unknown Pin: Pin U?-36
Add Pin To Net: Unknown Pin: Pin U?-37
Add Class Member: Failed to add class member : Component C3 22uF
Add Class Member: Failed to add class member : Component C5 22uF
Add Class Member: Failed to add class member : Component C6 22uF
Add Class Member: Failed to add class member : Component C12 22uF
Add Class Member: Failed to add class member : Component C14 22uF
Add Class Member: Failed to add class member : Component C15 22uF
Add Class Member: Failed to add class member : Component S1 Push Button Normally Opened
Add Class Member: Failed to add class member : Component U? M25
