Removed Member From Class: ClassName=Schematic Member=C?
Removed Member From Class: ClassName=Schematic Member=R?
Removed Member From Class: ClassName=Sheet3 Member=R?
Change Component Designator: OldDesignator=B? NewDesignator=B1
Change Component Designator: OldDesignator=C? NewDesignator=C3
Change Component Designator: OldDesignator=C? NewDesignator=C5
Change Component Designator: OldDesignator=C? NewDesignator=C6
Change Component Designator: OldDesignator=C? NewDesignator=C12
Change Component Designator: OldDesignator=C? NewDesignator=C14
Change Component Designator: OldDesignator=C? NewDesignator=C15
Change Component Designator: OldDesignator=C? NewDesignator=C16
Change Component Designator: OldDesignator=C? NewDesignator=C17
Change Component Designator: OldDesignator=C? NewDesignator=C18
Change Component Designator: OldDesignator=C? NewDesignator=C19
Change Component Designator: OldDesignator=C? NewDesignator=C20
Change Component Designator: OldDesignator=C? NewDesignator=C28
Change Component Designator: OldDesignator=J? NewDesignator=J3
Change Component Designator: OldDesignator=LED? NewDesignator=LED2
Change Component Designator: OldDesignator=Q? NewDesignator=Q1
Change Component Designator: OldDesignator=R? NewDesignator=R19
Change Component Designator: OldDesignator=R? NewDesignator=R20
Change Component Designator: OldDesignator=R? NewDesignator=R21
Change Component Designator: OldDesignator=R? NewDesignator=R22
Change Component Designator: OldDesignator=Y? NewDesignator=Y2
Add Pin To Net: Unknown Pin: Pin U1-7
Change Net Name : Old Net Name=NetLED?_2 New Net Name=NetLED2_2
Change Net Name : Old Net Name=NetQ?_1 New Net Name=NetQ1_1
Added Member To Class: ClassName=Schematic Member=Component C3 22uf
Added Member To Class: ClassName=Schematic Member=Component C5 22uf
Added Member To Class: ClassName=Schematic Member=Component C6 22uf
Added Member To Class: ClassName=Schematic Member=Component C12 100uF
Added Member To Class: ClassName=Schematic Member=Component C14 100nf
Added Member To Class: ClassName=Schematic Member=Component C15 33pF
Added Member To Class: ClassName=Schematic Member=Component C16 10pF
Added Member To Class: ClassName=Schematic Member=Component C17 22uf
Added Member To Class: ClassName=Schematic Member=Component C18 22uf
Added Member To Class: ClassName=Schematic Member=Component C19 22uf
Added Member To Class: ClassName=Sheet1 Member=Component C20 20pF
Added Member To Class: ClassName=Schematic Member=Component R19 510R
Added Member To Class: ClassName=Sheet3 Member=Component R21 4K7
Added Member To Class: ClassName=Sheet3 Member=Component R22 47K
Add Class Member: Failed to add class member : Component U1 M25
