Removed Pin From Net: NetName=M_MODE Pin=P1-1
Removed Pin From Net: NetName=M_TX Pin=P1-2
Removed Pin From Net: NetName=M_RX Pin=P1-3
Removed Pin From Net: NetName=IN_TOM_1 Pin=P1-4
Removed Pin From Net: NetName=IN_TOM_2 Pin=P1-5
Removed Pin From Net: NetName=OUT_FM_1 Pin=P1-6
Removed Pin From Net: NetName=OUT_FM_2 Pin=P1-7
Removed Pin From Net: NetName=+3V3 Pin=P1-9
Removed Pin From Net: NetName=+5 Pin=P1-10
Removed Pin From Net: NetName=+12V Pin=P1-11
Removed Pin From Net: NetName=GND Pin=P1-12
Removed Member From Class: ClassName=Sheet3 Member=P1
Added Component: Designator=P?(HDR1X12)
Add component (AddParameter): Name = "LatestRevisionDate"; Value = "17-Jul-2002"; VariantName = "[No Variations]"
Add component (AddParameter): Name = "LatestRevisionNote"; Value = "Re-released for DXP Platform."; VariantName = "[No Variations]"
Add component (AddParameter): Name = "Publisher"; Value = "Altium Limited"; VariantName = "[No Variations]"
Added Pin To Net: NetName=M_MODE Pin=P?-1
Added Pin To Net: NetName=M_TX Pin=P?-2
Added Pin To Net: NetName=M_RX Pin=P?-3
Added Pin To Net: NetName=IN_TOM_1 Pin=P?-4
Added Pin To Net: NetName=IN_TOM_2 Pin=P?-5
Added Pin To Net: NetName=OUT_FM_1 Pin=P?-6
Added Pin To Net: NetName=OUT_FM_2 Pin=P?-7
Added Pin To Net: NetName=+3V3 Pin=P?-9
Added Pin To Net: NetName=+5 Pin=P?-10
Added Pin To Net: NetName=+12V Pin=P?-11
Added Pin To Net: NetName=GND Pin=P?-12
Added Member To Class: ClassName=Sheet3 Member=Component P? Header 12
